- INFO - 
Running comparisons for 640x640 images:
- INFO - Average Preprocessing Time per image (640x640): 0.0046 seconds
- INFO - 
Running comparisons for 256x256 images:
- INFO - Average Preprocessing Time per image (256x256): 0.0026 seconds
- INFO - ---Compiled---
- INFO - 
Comparison Results:
- INFO - 640x640 Images:
- INFO - 
pytorch_cpu: Inference Time = 0.0208 s ± 0.0016 s,
Post-processing Time = 0.0001 s, Throughput = 48.07 images/s

- INFO - 
onnx: Inference Time = 0.0305 s ± 0.0081 s,
Post-processing Time = 0.0063 s, Throughput = 32.77 images/s

- INFO - 
deepsparse: Inference Time = 0.0285 s ± 0.0189 s,
Post-processing Time = 0.0005 s, Throughput = 35.05 images/s

- INFO - 
ultralytics: Inference Time = 0.0285 s ± 0.0038 s,
Post-processing Time = 0.0003 s, Throughput = 35.10 images/s

- INFO - 
ultralytics_onnx: Inference Time = 0.0321 s ± 0.0114 s,
Post-processing Time = 0.0061 s, Throughput = 31.16 images/s

- INFO - 
ultralytics_deepsparse: Inference Time = 0.0270 s ± 0.0208 s,
Post-processing Time = 0.0006 s, Throughput = 37.07 images/s

- INFO - 
256x256 Images:
- INFO - 
pytorch_cpu: Inference Time = 0.0096 s ± 0.0009 s,
Post-processing Time = 0.0001 s, Throughput = 104.02 images/s

- INFO - 
onnx: Inference Time = 0.0100 s ± 0.0049 s,
Post-processing Time = 0.0146 s, Throughput = 99.63 images/s

- INFO - 
deepsparse: Inference Time = 0.0196 s ± 0.0200 s,
Post-processing Time = 0.0002 s, Throughput = 50.93 images/s

- INFO - 
ultralytics: Inference Time = 0.0095 s ± 0.0011 s,
Post-processing Time = 0.0001 s, Throughput = 105.11 images/s

- INFO - 
ultralytics_onnx: Inference Time = 0.0100 s ± 0.0049 s,
Post-processing Time = 0.0159 s, Throughput = 100.44 images/s

- INFO - 
ultralytics_deepsparse: Inference Time = 0.0223 s ± 0.0244 s,
Post-processing Time = 0.0002 s, Throughput = 44.85 images/s
- INFO - 
Running comparisons for 640x640 images:
- INFO - Average Preprocessing Time per image (640x640): 0.0046 seconds

Running comparisons for 256x256 images:
- INFO - Average Preprocessing Time per image (256x256): 0.0026 seconds
- INFO - ---Compiled---
- INFO - 
Comparison Results:
- INFO - 640x640 Images:
- INFO - 
pytorch_cpu: Inference Time = 0.0203 s ± 0.0020 s,
Post-processing Time = 0.0005 s, Throughput = 49.21 images/s

- INFO - 
onnx: Inference Time = 0.0352 s ± 0.0115 s,
Post-processing Time = 0.0116 s, Throughput = 28.40 images/s

- INFO - 
deepsparse: Inference Time = 0.0261 s ± 0.0176 s,
Post-processing Time = 0.0009 s, Throughput = 38.32 images/s

- INFO - 
ultralytics: Inference Time = 0.0263 s ± 0.0026 s,
Post-processing Time = 0.0004 s, Throughput = 37.97 images/s

- INFO - 
ultralytics_onnx: Inference Time = 0.0364 s ± 0.0134 s,
Post-processing Time = 0.0124 s, Throughput = 27.47 images/s

- INFO - 
ultralytics_deepsparse: Inference Time = 0.0256 s ± 0.0170 s,
Post-processing Time = 0.0006 s, Throughput = 38.99 images/s

- INFO - 
256x256 Images:
- INFO - 
pytorch_cpu: Inference Time = 0.0096 s ± 0.0009 s,
Post-processing Time = 0.0004 s, Throughput = 103.68 images/s

- INFO - 
onnx: Inference Time = 0.0106 s ± 0.0059 s,
Post-processing Time = 0.0155 s, Throughput = 94.54 images/s

- INFO - 
deepsparse: Inference Time = 0.0180 s ± 0.0194 s,
Post-processing Time = 0.0006 s, Throughput = 55.65 images/s

- INFO - 
ultralytics: Inference Time = 0.0095 s ± 0.0012 s,
Post-processing Time = 0.0001 s, Throughput = 105.24 images/s

- INFO - 
ultralytics_onnx: Inference Time = 0.0106 s ± 0.0060 s,
Post-processing Time = 0.0162 s, Throughput = 94.69 images/s

- INFO - 
ultralytics_deepsparse: Inference Time = 0.0191 s ± 0.0194 s,
Post-processing Time = 0.0002 s, Throughput = 52.29 images/s- INFO - 
Running comparisons for 640x640 images:
- INFO - Average Preprocessing Time per image (640x640): 0.0046 seconds
- INFO - 
Running comparisons for 640x640 images:
- INFO - Average Preprocessing Time per image (640x640): 0.0045 seconds
- INFO - 
Running comparisons for 640x640 images:
- INFO - Average Preprocessing Time per image (640x640): 0.0044 seconds
- INFO - 
Running comparisons for 640x640 images:
- INFO - Average Preprocessing Time per image (640x640): 0.0044 seconds
- INFO - 
Running comparisons for 640x640 images:
- INFO - Average Preprocessing Time per image (640x640): 0.0045 seconds
- INFO - 
Running comparisons for 640x640 images:
- INFO - Average Preprocessing Time per image (640x640): 0.0045 seconds
- INFO - 
Running comparisons for 256x256 images:
- INFO - Average Preprocessing Time per image (256x256): 0.0024 seconds
- INFO - ---Compiled---
- INFO - 
Comparison Results:
- INFO - 640x640 Images:
- INFO - 
pytorch_cpu: Inference Time = 0.0195 s ± 0.0012 s,
Post-processing Time = 0.0005 s, Throughput = 51.41 images/s

- INFO - 
onnx: Inference Time = 0.0276 s ± 0.0084 s,
Post-processing Time = 0.0060 s, Throughput = 36.17 images/s

- INFO - 
deepsparse: Inference Time = 0.0259 s ± 0.0164 s,
Post-processing Time = 0.0009 s, Throughput = 38.61 images/s

- INFO - 
ultralytics: Inference Time = 0.0248 s ± 0.0010 s,
Post-processing Time = 0.0003 s, Throughput = 40.30 images/s

- INFO - 
ultralytics_onnx: Inference Time = 0.0265 s ± 0.0056 s,
Post-processing Time = 0.0088 s, Throughput = 37.71 images/s

- INFO - 
ultralytics_deepsparse: Inference Time = 0.0269 s ± 0.0194 s,
Post-processing Time = 0.0005 s, Throughput = 37.22 images/s

- INFO - 
256x256 Images:
- INFO - 
pytorch_cpu: Inference Time = 0.0091 s ± 0.0009 s,
Post-processing Time = 0.0003 s, Throughput = 110.10 images/s

- INFO - 
onnx: Inference Time = 0.0080 s ± 0.0035 s,
Post-processing Time = 0.0181 s, Throughput = 124.45 images/s

- INFO - 
deepsparse: Inference Time = 0.0107 s ± 0.0175 s,
Post-processing Time = 0.0004 s, Throughput = 93.13 images/s

- INFO - 
ultralytics: Inference Time = 0.0084 s ± 0.0006 s,
Post-processing Time = 0.0001 s, Throughput = 119.32 images/s

- INFO - 
ultralytics_onnx: Inference Time = 0.0092 s ± 0.0048 s,
Post-processing Time = 0.0159 s, Throughput = 108.87 images/s

- INFO - 
ultralytics_deepsparse: Inference Time = 0.0182 s ± 0.0184 s,
Post-processing Time = 0.0002 s, Throughput = 55.06 images/s

- INFO - 
Running comparisons for 640x640 images:
- INFO - Average Preprocessing Time per image (640x640): 0.0048 seconds
